<?xml version="1.0" encoding="UTF-8"?>
<!-- Generated by org.testng.reporters.JUnitReportReporter -->
<testsuite skipped="0" hostname="Admin_SRV-PC" name="Restassureddemo.putpatchdeletedata" tests="1" failures="0" timestamp="2022-05-19T09:37:39 IST" time="4.120" errors="0">
  <testcase name="deletem" time="4.120" classname="Restassureddemo.putpatchdeletedata"/>
  <system-out/>
</testsuite> <!-- Restassureddemo.putpatchdeletedata -->
