<?xml version="1.0" encoding="UTF-8"?>
<!-- Generated by org.testng.reporters.JUnitReportReporter -->
<testsuite skipped="0" hostname="Admin_SRV-PC" name="Restassureddemo.Restassurddemodata" tests="1" failures="0" timestamp="2022-05-19T09:07:39 IST" time="3.705" errors="0">
  <testcase name="getmethodd" time="3.705" classname="Restassureddemo.Restassurddemodata"/>
  <system-out/>
</testsuite> <!-- Restassureddemo.Restassurddemodata -->
