<?xml version="1.0" encoding="UTF-8"?>
<!-- Generated by org.testng.reporters.JUnitReportReporter -->
<testsuite skipped="0" hostname="Admin_SRV-PC" name="tests.AirIndiaTests" tests="1" failures="0" timestamp="2022-05-24T15:30:44 IST" time="54.310" errors="0">
  <testcase name="testairline" time="54.310" classname="tests.AirIndiaTests"/>
  <system-out/>
</testsuite> <!-- tests.AirIndiaTests -->
