<?xml version="1.0" encoding="UTF-8"?>
<!-- Generated by org.testng.reporters.JUnitReportReporter -->
<testsuite skipped="0" hostname="Admin_SRV-PC" name="Restassureddemo.Onlineputpatch" tests="1" failures="0" timestamp="2022-05-19T17:29:58 IST" time="3.505" errors="0">
  <testcase name="putmethdemo" time="3.505" classname="Restassureddemo.Onlineputpatch"/>
  <system-out/>
</testsuite> <!-- Restassureddemo.Onlineputpatch -->
