<?xml version="1.0" encoding="UTF-8"?>
<!-- Generated by org.testng.reporters.JUnitReportReporter -->
<testsuite skipped="0" hostname="Admin_SRV-PC" name="Restassureddemo.onlineapitedstdemo" tests="1" failures="0" timestamp="2022-05-19T17:25:42 IST" time="3.340" errors="0">
  <testcase name="gettestdemo" time="3.340" classname="Restassureddemo.onlineapitedstdemo"/>
  <system-out/>
</testsuite> <!-- Restassureddemo.onlineapitedstdemo -->
